<?xml version="1.0" encoding="UTF-8"?>
<testng-results skipped="0" failed="0" total="1" passed="1">
  <reporter-output>
  </reporter-output>
  <suite name="SN Test Suite" duration-ms="56324" started-at="2017-02-07T08:50:38Z" finished-at="2017-02-07T08:51:35Z">
    <groups>
    </groups>
    <test name="The SN test suite" duration-ms="56324" started-at="2017-02-07T08:50:38Z" finished-at="2017-02-07T08:51:35Z">
      <class name="com.beecow.mobile.SN.SNTest">
        <test-method status="PASS" signature="GetLastAPKFile()[pri:0, instance:com.beecow.mobile.SN.SNTest@66298fe9]" name="GetLastAPKFile" is-config="true" duration-ms="20753" started-at="2017-02-07T15:50:18Z" finished-at="2017-02-07T15:50:38Z">
          <reporter-output>
          </reporter-output>
        </test-method> <!-- GetLastAPKFile -->
        <test-method status="PASS" signature="setUp()[pri:0, instance:com.beecow.mobile.SN.SNTest@66298fe9]" name="setUp" is-config="true" duration-ms="35364" started-at="2017-02-07T15:50:38Z" finished-at="2017-02-07T15:51:14Z">
          <reporter-output>
          </reporter-output>
        </test-method> <!-- setUp -->
        <test-method status="PASS" signature="SN_01()[pri:0, instance:com.beecow.mobile.SN.SNTest@66298fe9]" name="SN_01" duration-ms="19253" started-at="2017-02-07T15:51:14Z" finished-at="2017-02-07T15:51:33Z">
          <reporter-output>
          </reporter-output>
        </test-method> <!-- SN_01 -->
        <test-method status="PASS" signature="teardown()[pri:0, instance:com.beecow.mobile.SN.SNTest@66298fe9]" name="teardown" is-config="true" duration-ms="1682" started-at="2017-02-07T15:51:33Z" finished-at="2017-02-07T15:51:35Z">
          <reporter-output>
          </reporter-output>
        </test-method> <!-- teardown -->
        <test-method status="PASS" signature="Stop()[pri:0, instance:com.beecow.mobile.SN.SNTest@66298fe9]" name="Stop" is-config="true" duration-ms="2454" started-at="2017-02-07T15:51:35Z" finished-at="2017-02-07T15:51:37Z">
          <reporter-output>
          </reporter-output>
        </test-method> <!-- Stop -->
      </class> <!-- com.beecow.mobile.SN.SNTest -->
    </test> <!-- The SN test suite -->
  </suite> <!-- SN Test Suite -->
</testng-results>
